==00:00:00:00.000 11020== Memcheck, a memory error detector
==00:00:00:00.000 11020== Copyright (C) 2002-2015, and GNU GPL'd, by Julian Seward et al.
==00:00:00:00.000 11020== Using Valgrind-3.11.0 and LibVEX; rerun with -h for copyright info
==00:00:00:00.000 11020== Command: bin/pivedit piv/hsi.piv
==00:00:00:00.000 11020== Parent PID: 8515
==00:00:00:00.000 11020== 
==00:00:00:00.963 11020== Invalid read of size 1
==00:00:00:00.963 11020==    at 0x4C2D514: strlen (in /usr/lib64/valgrind/vgpreload_memcheck-amd64-linux.so)
==00:00:00:00.963 11020==    by 0x58A0EB6: std::__cxx11::basic_string<char, std::char_traits<char>, std::allocator<char> >::basic_string(char const*, std::allocator<char> const&) (in /usr/lib64/libstdc++.so.6.0.21)
==00:00:00:00.963 11020==    by 0x41D63D: Window::load(std::__cxx11::basic_string<char, std::char_traits<char>, std::allocator<char> >, Element*) (window.cpp:342)
==00:00:00:00.963 11020==    by 0x41D721: Window::load(std::__cxx11::basic_string<char, std::char_traits<char>, std::allocator<char> >) (window.cpp:346)
==00:00:00:00.963 11020==    by 0x41CA39: Window::command(std::__cxx11::list<std::__cxx11::basic_string<char, std::char_traits<char>, std::allocator<char> >, std::allocator<std::__cxx11::basic_string<char, std::char_traits<char>, std::allocator<char> > > >, Element*) (window.cpp:187)
==00:00:00:00.963 11020==    by 0x41B5FD: Window::command(std::__cxx11::basic_string<char, std::char_traits<char>, std::allocator<char> >, Element*) (window.cpp:54)
==00:00:00:00.963 11020==    by 0x407927: main (editor.cpp:363)
==00:00:00:00.963 11020==  Address 0x814caf3 is 0 bytes after a block of size 9,555 alloc'd
==00:00:00:00.963 11020==    at 0x4C2ADAF: operator new[](unsigned long) (in /usr/lib64/valgrind/vgpreload_memcheck-amd64-linux.so)
==00:00:00:00.963 11020==    by 0x41D5B5: Window::load(std::__cxx11::basic_string<char, std::char_traits<char>, std::allocator<char> >, Element*) (window.cpp:338)
==00:00:00:00.963 11020==    by 0x41D721: Window::load(std::__cxx11::basic_string<char, std::char_traits<char>, std::allocator<char> >) (window.cpp:346)
==00:00:00:00.963 11020==    by 0x41CA39: Window::command(std::__cxx11::list<std::__cxx11::basic_string<char, std::char_traits<char>, std::allocator<char> >, std::allocator<std::__cxx11::basic_string<char, std::char_traits<char>, std::allocator<char> > > >, Element*) (window.cpp:187)
==00:00:00:00.963 11020==    by 0x41B5FD: Window::command(std::__cxx11::basic_string<char, std::char_traits<char>, std::allocator<char> >, Element*) (window.cpp:54)
==00:00:00:00.963 11020==    by 0x407927: main (editor.cpp:363)
==00:00:00:00.963 11020== 
==00:00:00:01.627 11020== Mismatched free() / delete / delete []
==00:00:00:01.627 11020==    at 0x4C2B7EB: operator delete(void*) (in /usr/lib64/valgrind/vgpreload_memcheck-amd64-linux.so)
==00:00:00:01.627 11020==    by 0x41D688: Window::load(std::__cxx11::basic_string<char, std::char_traits<char>, std::allocator<char> >, Element*) (window.cpp:343)
==00:00:00:01.627 11020==    by 0x41D721: Window::load(std::__cxx11::basic_string<char, std::char_traits<char>, std::allocator<char> >) (window.cpp:346)
==00:00:00:01.627 11020==    by 0x41CA39: Window::command(std::__cxx11::list<std::__cxx11::basic_string<char, std::char_traits<char>, std::allocator<char> >, std::allocator<std::__cxx11::basic_string<char, std::char_traits<char>, std::allocator<char> > > >, Element*) (window.cpp:187)
==00:00:00:01.627 11020==    by 0x41B5FD: Window::command(std::__cxx11::basic_string<char, std::char_traits<char>, std::allocator<char> >, Element*) (window.cpp:54)
==00:00:00:01.627 11020==    by 0x407927: main (editor.cpp:363)
==00:00:00:01.627 11020==  Address 0x814a5a0 is 0 bytes inside a block of size 9,555 alloc'd
==00:00:00:01.627 11020==    at 0x4C2ADAF: operator new[](unsigned long) (in /usr/lib64/valgrind/vgpreload_memcheck-amd64-linux.so)
==00:00:00:01.627 11020==    by 0x41D5B5: Window::load(std::__cxx11::basic_string<char, std::char_traits<char>, std::allocator<char> >, Element*) (window.cpp:338)
==00:00:00:01.627 11020==    by 0x41D721: Window::load(std::__cxx11::basic_string<char, std::char_traits<char>, std::allocator<char> >) (window.cpp:346)
==00:00:00:01.627 11020==    by 0x41CA39: Window::command(std::__cxx11::list<std::__cxx11::basic_string<char, std::char_traits<char>, std::allocator<char> >, std::allocator<std::__cxx11::basic_string<char, std::char_traits<char>, std::allocator<char> > > >, Element*) (window.cpp:187)
==00:00:00:01.627 11020==    by 0x41B5FD: Window::command(std::__cxx11::basic_string<char, std::char_traits<char>, std::allocator<char> >, Element*) (window.cpp:54)
==00:00:00:01.627 11020==    by 0x407927: main (editor.cpp:363)
==00:00:00:01.627 11020== 
==00:00:02:21.878 11020== Thread 2:
==00:00:02:21.878 11020== Syscall param writev(vector[...]) points to uninitialised byte(s)
==00:00:02:21.878 11020==    at 0x631553D: ??? (in /lib64/libc-2.22.so)
==00:00:02:21.878 11020==    by 0x90826F8: ??? (in /usr/lib64/libxcb.so.1.1.0)
==00:00:02:21.878 11020==    by 0x9082AEC: ??? (in /usr/lib64/libxcb.so.1.1.0)
==00:00:02:21.878 11020==    by 0x9082B74: xcb_writev (in /usr/lib64/libxcb.so.1.1.0)
==00:00:02:21.878 11020==    by 0x8D7AD7D: _XSend (in /usr/lib64/libX11.so.6.3.0)
==00:00:02:21.878 11020==    by 0x8D7B25D: _XReply (in /usr/lib64/libX11.so.6.3.0)
==00:00:02:21.878 11020==    by 0x8D66866: XInternAtom (in /usr/lib64/libX11.so.6.3.0)
==00:00:02:21.878 11020==    by 0x4EF302A: ??? (in /usr/lib64/libSDL2-2.0.so.0.4.0)
==00:00:02:21.878 11020==    by 0x4EF3D94: ??? (in /usr/lib64/libSDL2-2.0.so.0.4.0)
==00:00:02:21.878 11020==    by 0x4EE5118: ??? (in /usr/lib64/libSDL2-2.0.so.0.4.0)
==00:00:02:21.878 11020==    by 0x4EE4F14: ??? (in /usr/lib64/libSDL2-2.0.so.0.4.0)
==00:00:02:21.878 11020==    by 0x4E4AC66: ??? (in /usr/lib64/libSDL2-2.0.so.0.4.0)
==00:00:02:21.878 11020==  Address 0x838e683 is 35 bytes inside a block of size 16,384 alloc'd
==00:00:02:21.878 11020==    at 0x4C2C0F5: calloc (in /usr/lib64/valgrind/vgpreload_memcheck-amd64-linux.so)
==00:00:02:21.878 11020==    by 0x8D6B692: XOpenDisplay (in /usr/lib64/libX11.so.6.3.0)
==00:00:02:21.878 11020==    by 0x4EF2324: ??? (in /usr/lib64/libSDL2-2.0.so.0.4.0)
==00:00:02:21.878 11020==    by 0x4EE4EC0: ??? (in /usr/lib64/libSDL2-2.0.so.0.4.0)
==00:00:02:21.878 11020==    by 0x4E4AC66: ??? (in /usr/lib64/libSDL2-2.0.so.0.4.0)
==00:00:02:21.878 11020==    by 0x41990F: SdlRenderer::init() (sdlrenderer.cpp:32)
==00:00:02:21.878 11020==    by 0x417BCA: Renderer::render_loop() (renderer.cpp:115)
==00:00:02:21.878 11020==    by 0x41981E: bool std::_Mem_fn_base<bool (Renderer::*)(), true>::operator()<, void>(Renderer*) const (in /home/ste/Code/cpp/pivionics/bin/pivedit)
==00:00:02:21.878 11020==    by 0x41978C: bool std::_Bind_simple<std::_Mem_fn<bool (Renderer::*)()> (Renderer*)>::_M_invoke<0ul>(std::_Index_tuple<0ul>) (functional:1531)
==00:00:02:21.878 11020==    by 0x4196A6: std::_Bind_simple<std::_Mem_fn<bool (Renderer::*)()> (Renderer*)>::operator()() (functional:1520)
==00:00:02:21.878 11020==    by 0x419645: std::thread::_Impl<std::_Bind_simple<std::_Mem_fn<bool (Renderer::*)()> (Renderer*)> >::_M_run() (thread:115)
==00:00:02:21.878 11020==    by 0x583CB2F: ??? (in /usr/lib64/libstdc++.so.6.0.21)
==00:00:02:21.878 11020== 
==00:00:02:43.624 11020== Invalid write of size 4
==00:00:02:43.624 11020==    at 0xD63B53C: ??? (in /usr/lib64/dri/i965_dri.so)
==00:00:02:43.624 11020==    by 0xD6051CE: ??? (in /usr/lib64/dri/i965_dri.so)
==00:00:02:43.624 11020==    by 0xD5B7280: ??? (in /usr/lib64/dri/i965_dri.so)
==00:00:02:43.624 11020==    by 0xD5B739D: ??? (in /usr/lib64/dri/i965_dri.so)
==00:00:02:43.624 11020==    by 0xB7A1466: ??? (in /usr/lib64/libGL.so.1.2.0)
==00:00:02:43.624 11020==    by 0xB77CABA: ??? (in /usr/lib64/libGL.so.1.2.0)
==00:00:02:43.624 11020==    by 0xB77CDA4: glXCreateContext (in /usr/lib64/libGL.so.1.2.0)
==00:00:02:43.624 11020==    by 0x4EF1B5F: ??? (in /usr/lib64/libSDL2-2.0.so.0.4.0)
==00:00:02:43.624 11020==    by 0x4EE40CF: ??? (in /usr/lib64/libSDL2-2.0.so.0.4.0)
==00:00:02:43.624 11020==    by 0x4EE4F28: ??? (in /usr/lib64/libSDL2-2.0.so.0.4.0)
==00:00:02:43.624 11020==    by 0x4E4AC66: ??? (in /usr/lib64/libSDL2-2.0.so.0.4.0)
==00:00:02:43.625 11020==    by 0x41990F: SdlRenderer::init() (sdlrenderer.cpp:32)
==00:00:02:43.625 11020==  Address 0x7f5a5c8341b8 is not stack'd, malloc'd or (recently) free'd
==00:00:02:43.625 11020== 
==00:00:02:44.747 11020== Invalid read of size 4
==00:00:02:44.747 11020==    at 0xD63B765: ??? (in /usr/lib64/dri/i965_dri.so)
==00:00:02:44.747 11020==    by 0xD6051CE: ??? (in /usr/lib64/dri/i965_dri.so)
==00:00:02:44.747 11020==    by 0xD5B7280: ??? (in /usr/lib64/dri/i965_dri.so)
==00:00:02:44.747 11020==    by 0xD5B739D: ??? (in /usr/lib64/dri/i965_dri.so)
==00:00:02:44.747 11020==    by 0xB7A1466: ??? (in /usr/lib64/libGL.so.1.2.0)
==00:00:02:44.747 11020==    by 0xB77CABA: ??? (in /usr/lib64/libGL.so.1.2.0)
==00:00:02:44.747 11020==    by 0xB77CDA4: glXCreateContext (in /usr/lib64/libGL.so.1.2.0)
==00:00:02:44.747 11020==    by 0x4EF1B5F: ??? (in /usr/lib64/libSDL2-2.0.so.0.4.0)
==00:00:02:44.747 11020==    by 0x4EE40CF: ??? (in /usr/lib64/libSDL2-2.0.so.0.4.0)
==00:00:02:44.747 11020==    by 0x4EE4F28: ??? (in /usr/lib64/libSDL2-2.0.so.0.4.0)
==00:00:02:44.747 11020==    by 0x4E4AC66: ??? (in /usr/lib64/libSDL2-2.0.so.0.4.0)
==00:00:02:44.747 11020==    by 0x41990F: SdlRenderer::init() (sdlrenderer.cpp:32)
==00:00:02:44.747 11020==  Address 0x7f5a5c8341b8 is not stack'd, malloc'd or (recently) free'd
==00:00:02:44.747 11020== 
==00:00:02:44.750 11020== Invalid write of size 4
==00:00:02:44.750 11020==    at 0xD63B8AC: ??? (in /usr/lib64/dri/i965_dri.so)
==00:00:02:44.750 11020==    by 0xD6051CE: ??? (in /usr/lib64/dri/i965_dri.so)
==00:00:02:44.750 11020==    by 0xD5B7280: ??? (in /usr/lib64/dri/i965_dri.so)
==00:00:02:44.750 11020==    by 0xD5B739D: ??? (in /usr/lib64/dri/i965_dri.so)
==00:00:02:44.751 11020==    by 0xB7A1466: ??? (in /usr/lib64/libGL.so.1.2.0)
==00:00:02:44.751 11020==    by 0xB77CABA: ??? (in /usr/lib64/libGL.so.1.2.0)
==00:00:02:44.751 11020==    by 0xB77CDA4: glXCreateContext (in /usr/lib64/libGL.so.1.2.0)
==00:00:02:44.751 11020==    by 0x4EF1B5F: ??? (in /usr/lib64/libSDL2-2.0.so.0.4.0)
==00:00:02:44.751 11020==    by 0x4EE40CF: ??? (in /usr/lib64/libSDL2-2.0.so.0.4.0)
==00:00:02:44.751 11020==    by 0x4EE4F28: ??? (in /usr/lib64/libSDL2-2.0.so.0.4.0)
==00:00:02:44.751 11020==    by 0x4E4AC66: ??? (in /usr/lib64/libSDL2-2.0.so.0.4.0)
==00:00:02:44.751 11020==    by 0x41990F: SdlRenderer::init() (sdlrenderer.cpp:32)
==00:00:02:44.751 11020==  Address 0x7f5a5c834190 is not stack'd, malloc'd or (recently) free'd
==00:00:02:44.751 11020== 
==00:00:02:44.755 11020== Invalid read of size 4
==00:00:02:44.755 11020==    at 0xD63BA1D: ??? (in /usr/lib64/dri/i965_dri.so)
==00:00:02:44.755 11020==    by 0xD6051CE: ??? (in /usr/lib64/dri/i965_dri.so)
==00:00:02:44.755 11020==    by 0xD5B7280: ??? (in /usr/lib64/dri/i965_dri.so)
==00:00:02:44.755 11020==    by 0xD5B739D: ??? (in /usr/lib64/dri/i965_dri.so)
==00:00:02:44.755 11020==    by 0xB7A1466: ??? (in /usr/lib64/libGL.so.1.2.0)
==00:00:02:44.755 11020==    by 0xB77CABA: ??? (in /usr/lib64/libGL.so.1.2.0)
==00:00:02:44.755 11020==    by 0xB77CDA4: glXCreateContext (in /usr/lib64/libGL.so.1.2.0)
==00:00:02:44.755 11020==    by 0x4EF1B5F: ??? (in /usr/lib64/libSDL2-2.0.so.0.4.0)
==00:00:02:44.755 11020==    by 0x4EE40CF: ??? (in /usr/lib64/libSDL2-2.0.so.0.4.0)
==00:00:02:44.756 11020==    by 0x4EE4F28: ??? (in /usr/lib64/libSDL2-2.0.so.0.4.0)
==00:00:02:44.756 11020==    by 0x4E4AC66: ??? (in /usr/lib64/libSDL2-2.0.so.0.4.0)
==00:00:02:44.756 11020==    by 0x41990F: SdlRenderer::init() (sdlrenderer.cpp:32)
==00:00:02:44.756 11020==  Address 0x7f5a5c834190 is not stack'd, malloc'd or (recently) free'd
==00:00:02:44.756 11020== 
==00:00:03:26.742 11020== Invalid read of size 8
==00:00:03:26.742 11020==    at 0x4C30289: __memcmp_sse4_1 (in /usr/lib64/valgrind/vgpreload_memcheck-amd64-linux.so)
==00:00:03:26.742 11020==    by 0xD61928F: ??? (in /usr/lib64/dri/i965_dri.so)
==00:00:03:26.742 11020==    by 0xD61E45B: ??? (in /usr/lib64/dri/i965_dri.so)
==00:00:03:26.742 11020==    by 0xD61EA07: ??? (in /usr/lib64/dri/i965_dri.so)
==00:00:03:26.742 11020==    by 0xD60C074: ??? (in /usr/lib64/dri/i965_dri.so)
==00:00:03:26.742 11020==    by 0xD4B9299: ??? (in /usr/lib64/dri/i965_dri.so)
==00:00:03:26.742 11020==    by 0xD3D53B9: ??? (in /usr/lib64/dri/i965_dri.so)
==00:00:03:26.742 11020==    by 0x4E91213: ??? (in /usr/lib64/libSDL2-2.0.so.0.4.0)
==00:00:03:26.742 11020==    by 0x4E8E87A: ??? (in /usr/lib64/libSDL2-2.0.so.0.4.0)
==00:00:03:26.742 11020==    by 0x4E86F42: ??? (in /usr/lib64/libSDL2-2.0.so.0.4.0)
==00:00:03:26.742 11020==    by 0x4199FD: SdlRenderer::init() (sdlrenderer.cpp:49)
==00:00:03:26.742 11020==    by 0x417BCA: Renderer::render_loop() (renderer.cpp:115)
==00:00:03:26.742 11020==  Address 0x7f5a5c834200 is not stack'd, malloc'd or (recently) free'd
==00:00:03:26.742 11020== 
==00:00:03:26.745 11020== Invalid read of size 8
==00:00:03:26.745 11020==    at 0x4C302A3: __memcmp_sse4_1 (in /usr/lib64/valgrind/vgpreload_memcheck-amd64-linux.so)
==00:00:03:26.745 11020==    by 0xD61928F: ??? (in /usr/lib64/dri/i965_dri.so)
==00:00:03:26.745 11020==    by 0xD61E45B: ??? (in /usr/lib64/dri/i965_dri.so)
==00:00:03:26.745 11020==    by 0xD61EA07: ??? (in /usr/lib64/dri/i965_dri.so)
==00:00:03:26.745 11020==    by 0xD60C074: ??? (in /usr/lib64/dri/i965_dri.so)
==00:00:03:26.745 11020==    by 0xD4B9299: ??? (in /usr/lib64/dri/i965_dri.so)
==00:00:03:26.745 11020==    by 0xD3D53B9: ??? (in /usr/lib64/dri/i965_dri.so)
==00:00:03:26.745 11020==    by 0x4E91213: ??? (in /usr/lib64/libSDL2-2.0.so.0.4.0)
==00:00:03:26.745 11020==    by 0x4E8E87A: ??? (in /usr/lib64/libSDL2-2.0.so.0.4.0)
==00:00:03:26.745 11020==    by 0x4E86F42: ??? (in /usr/lib64/libSDL2-2.0.so.0.4.0)
==00:00:03:26.745 11020==    by 0x4199FD: SdlRenderer::init() (sdlrenderer.cpp:49)
==00:00:03:26.745 11020==    by 0x417BCA: Renderer::render_loop() (renderer.cpp:115)
==00:00:03:26.745 11020==  Address 0x7f5a5c834208 is not stack'd, malloc'd or (recently) free'd
==00:00:03:26.745 11020== 
==00:00:03:30.271 11020== Invalid read of size 8
==00:00:03:30.271 11020==    at 0x4C30289: __memcmp_sse4_1 (in /usr/lib64/valgrind/vgpreload_memcheck-amd64-linux.so)
==00:00:03:30.271 11020==    by 0xD61928F: ??? (in /usr/lib64/dri/i965_dri.so)
==00:00:03:30.271 11020==    by 0xD61F804: ??? (in /usr/lib64/dri/i965_dri.so)
==00:00:03:30.271 11020==    by 0xD62041E: ??? (in /usr/lib64/dri/i965_dri.so)
==00:00:03:30.271 11020==    by 0xD60C043: ??? (in /usr/lib64/dri/i965_dri.so)
==00:00:03:30.271 11020==    by 0xD4B9299: ??? (in /usr/lib64/dri/i965_dri.so)
==00:00:03:30.271 11020==    by 0xD3D53B9: ??? (in /usr/lib64/dri/i965_dri.so)
==00:00:03:30.271 11020==    by 0x4E91213: ??? (in /usr/lib64/libSDL2-2.0.so.0.4.0)
==00:00:03:30.271 11020==    by 0x4E8E87A: ??? (in /usr/lib64/libSDL2-2.0.so.0.4.0)
==00:00:03:30.271 11020==    by 0x4E86F42: ??? (in /usr/lib64/libSDL2-2.0.so.0.4.0)
==00:00:03:30.272 11020==    by 0x4199FD: SdlRenderer::init() (sdlrenderer.cpp:49)
==00:00:03:30.272 11020==    by 0x417BCA: Renderer::render_loop() (renderer.cpp:115)
==00:00:03:30.272 11020==  Address 0x7f5a5c834600 is not stack'd, malloc'd or (recently) free'd
==00:00:03:30.272 11020== 
==00:00:03:30.275 11020== Invalid read of size 8
==00:00:03:30.275 11020==    at 0x4C302A3: __memcmp_sse4_1 (in /usr/lib64/valgrind/vgpreload_memcheck-amd64-linux.so)
==00:00:03:30.275 11020==    by 0xD61928F: ??? (in /usr/lib64/dri/i965_dri.so)
==00:00:03:30.275 11020==    by 0xD61F804: ??? (in /usr/lib64/dri/i965_dri.so)
==00:00:03:30.275 11020==    by 0xD62041E: ??? (in /usr/lib64/dri/i965_dri.so)
==00:00:03:30.275 11020==    by 0xD60C043: ??? (in /usr/lib64/dri/i965_dri.so)
==00:00:03:30.275 11020==    by 0xD4B9299: ??? (in /usr/lib64/dri/i965_dri.so)
==00:00:03:30.275 11020==    by 0xD3D53B9: ??? (in /usr/lib64/dri/i965_dri.so)
==00:00:03:30.275 11020==    by 0x4E91213: ??? (in /usr/lib64/libSDL2-2.0.so.0.4.0)
==00:00:03:30.275 11020==    by 0x4E8E87A: ??? (in /usr/lib64/libSDL2-2.0.so.0.4.0)
==00:00:03:30.275 11020==    by 0x4E86F42: ??? (in /usr/lib64/libSDL2-2.0.so.0.4.0)
==00:00:03:30.275 11020==    by 0x4199FD: SdlRenderer::init() (sdlrenderer.cpp:49)
==00:00:03:30.275 11020==    by 0x417BCA: Renderer::render_loop() (renderer.cpp:115)
==00:00:03:30.275 11020==  Address 0x7f5a5c834608 is not stack'd, malloc'd or (recently) free'd
==00:00:03:30.275 11020== 
==00:00:03:30.278 11020== Invalid read of size 1
==00:00:03:30.278 11020==    at 0x4C302C5: __memcmp_sse4_1 (in /usr/lib64/valgrind/vgpreload_memcheck-amd64-linux.so)
==00:00:03:30.278 11020==    by 0xD61928F: ??? (in /usr/lib64/dri/i965_dri.so)
==00:00:03:30.278 11020==    by 0xD61F804: ??? (in /usr/lib64/dri/i965_dri.so)
==00:00:03:30.278 11020==    by 0xD62041E: ??? (in /usr/lib64/dri/i965_dri.so)
==00:00:03:30.278 11020==    by 0xD60C043: ??? (in /usr/lib64/dri/i965_dri.so)
==00:00:03:30.278 11020==    by 0xD4B9299: ??? (in /usr/lib64/dri/i965_dri.so)
==00:00:03:30.278 11020==    by 0xD3D53B9: ??? (in /usr/lib64/dri/i965_dri.so)
==00:00:03:30.278 11020==    by 0x4E91213: ??? (in /usr/lib64/libSDL2-2.0.so.0.4.0)
==00:00:03:30.278 11020==    by 0x4E8E87A: ??? (in /usr/lib64/libSDL2-2.0.so.0.4.0)
==00:00:03:30.278 11020==    by 0x4E86F42: ??? (in /usr/lib64/libSDL2-2.0.so.0.4.0)
==00:00:03:30.278 11020==    by 0x4199FD: SdlRenderer::init() (sdlrenderer.cpp:49)
==00:00:03:30.278 11020==    by 0x417BCA: Renderer::render_loop() (renderer.cpp:115)
==00:00:03:30.278 11020==  Address 0x7f5a5c834678 is not stack'd, malloc'd or (recently) free'd
==00:00:03:30.278 11020== 
==00:00:03:31.779 11020== Invalid read of size 1
==00:00:03:31.779 11020==    at 0x4C302C5: __memcmp_sse4_1 (in /usr/lib64/valgrind/vgpreload_memcheck-amd64-linux.so)
==00:00:03:31.779 11020==    by 0xD61928F: ??? (in /usr/lib64/dri/i965_dri.so)
==00:00:03:31.779 11020==    by 0xD61E45B: ??? (in /usr/lib64/dri/i965_dri.so)
==00:00:03:31.779 11020==    by 0xD61EA07: ??? (in /usr/lib64/dri/i965_dri.so)
==00:00:03:31.779 11020==    by 0xD6131C9: ??? (in /usr/lib64/dri/i965_dri.so)
==00:00:03:31.779 11020==    by 0xD34E7D8: ??? (in /usr/lib64/dri/i965_dri.so)
==00:00:03:31.779 11020==    by 0xD3DCC27: ??? (in /usr/lib64/dri/i965_dri.so)
==00:00:03:31.779 11020==    by 0xD3DCCC0: ??? (in /usr/lib64/dri/i965_dri.so)
==00:00:03:31.779 11020==    by 0xD31ADC7: ??? (in /usr/lib64/dri/i965_dri.so)
==00:00:03:31.779 11020==    by 0x4E8C783: ??? (in /usr/lib64/libSDL2-2.0.so.0.4.0)
==00:00:03:31.779 11020==    by 0x419B3C: SdlRenderer::clear() (sdlrenderer.cpp:79)
==00:00:03:31.779 11020==    by 0x4179C6: Renderer::render_frame() (renderer.cpp:78)
==00:00:03:31.779 11020==  Address 0x7f5a5c834090 is not stack'd, malloc'd or (recently) free'd
==00:00:03:31.779 11020== 
==00:00:03:31.783 11020== Invalid read of size 1
==00:00:03:31.783 11020==    at 0x4C302E0: __memcmp_sse4_1 (in /usr/lib64/valgrind/vgpreload_memcheck-amd64-linux.so)
==00:00:03:31.783 11020==    by 0xD61928F: ??? (in /usr/lib64/dri/i965_dri.so)
==00:00:03:31.783 11020==    by 0xD61E45B: ??? (in /usr/lib64/dri/i965_dri.so)
==00:00:03:31.783 11020==    by 0xD61EA07: ??? (in /usr/lib64/dri/i965_dri.so)
==00:00:03:31.783 11020==    by 0xD6131C9: ??? (in /usr/lib64/dri/i965_dri.so)
==00:00:03:31.783 11020==    by 0xD34E7D8: ??? (in /usr/lib64/dri/i965_dri.so)
==00:00:03:31.783 11020==    by 0xD3DCC27: ??? (in /usr/lib64/dri/i965_dri.so)
==00:00:03:31.783 11020==    by 0xD3DCCC0: ??? (in /usr/lib64/dri/i965_dri.so)
==00:00:03:31.783 11020==    by 0xD31ADC7: ??? (in /usr/lib64/dri/i965_dri.so)
==00:00:03:31.783 11020==    by 0x4E8C783: ??? (in /usr/lib64/libSDL2-2.0.so.0.4.0)
==00:00:03:31.783 11020==    by 0x419B3C: SdlRenderer::clear() (sdlrenderer.cpp:79)
==00:00:03:31.783 11020==    by 0x4179C6: Renderer::render_frame() (renderer.cpp:78)
==00:00:03:31.783 11020==  Address 0x7f5a5c834091 is not stack'd, malloc'd or (recently) free'd
==00:00:03:31.783 11020== 
